<?xml version="1.0" encoding="UTF-8"?>
<!-- Generated by org.testng.reporters.JUnitReportReporter -->
<testsuite name="com.android.tests.UserLoginTest" tests="1" time="93.489" ignored="0" failures="0" timestamp="26 Jul 2019 06:26:50 GMT" skipped="0" hostname="ICPL13076" errors="1">
  <testcase name="userLogin" time="93.489" classname="com.android.tests.UserLoginTest">
    <error/>
  </testcase> <!-- userLogin -->
</testsuite> <!-- com.android.tests.UserLoginTest -->
