<?xml version="1.0" encoding="UTF-8"?>
<!-- Generated by org.testng.reporters.JUnitReportReporter -->
<testsuite name="com.android.tests.SortingTest" tests="1" time="116.653" ignored="0" failures="0" timestamp="26 Jul 2019 12:17:35 GMT" skipped="0" hostname="ICPL13076" errors="1">
  <testcase name="sorting" time="116.653" classname="com.android.tests.SortingTest">
    <error/>
  </testcase> <!-- sorting -->
</testsuite> <!-- com.android.tests.SortingTest -->
