<?xml version="1.0" encoding="UTF-8"?>
<!-- Generated by org.testng.reporters.JUnitReportReporter -->
<testsuite name="com.android.tests.UserLoginTest" tests="1" time="3.694" ignored="0" failures="0" timestamp="27 Aug 2019 11:45:23 GMT" skipped="1" hostname="ICPL13076" errors="0">
  <testcase name="userLogin" time="3.694" classname="com.android.tests.UserLoginTest">
    <skipped/>
  </testcase> <!-- userLogin -->
</testsuite> <!-- com.android.tests.UserLoginTest -->
