<?xml version="1.0" encoding="UTF-8"?>
<!-- Generated by org.testng.reporters.JUnitReportReporter -->
<testsuite name="com.android.tests.RegisterTest" tests="1" time="55.307" ignored="0" failures="0" timestamp="19 Jul 2019 05:35:55 GMT" skipped="0" hostname="ICPL13076" errors="0">
  <testcase name="register" time="55.307" classname="com.android.tests.RegisterTest"/>
</testsuite> <!-- com.android.tests.RegisterTest -->
