<?xml version="1.0" encoding="UTF-8"?>
<!-- Generated by org.testng.reporters.JUnitReportReporter -->
<testsuite name="com.android.tests.FilterTest" tests="1" time="635.829" ignored="0" failures="0" timestamp="30 Jul 2019 06:48:22 GMT" skipped="1" hostname="ICPL13076" errors="0">
  <testcase name="filter" time="635.829" classname="com.android.tests.FilterTest">
    <skipped/>
  </testcase> <!-- filter -->
</testsuite> <!-- com.android.tests.FilterTest -->
