<?xml version="1.0" encoding="UTF-8"?>
<!-- Generated by org.testng.reporters.JUnitReportReporter -->
<testsuite name="com.android.tests.UserRegisterTest" tests="1" time="60.164" ignored="0" failures="0" timestamp="30 Jul 2019 06:13:28 GMT" skipped="0" hostname="ICPL13076" errors="0">
  <testcase name="register" time="60.164" classname="com.android.tests.UserRegisterTest"/>
</testsuite> <!-- com.android.tests.UserRegisterTest -->
